[0.227s] Invoking command in '/home/ubuntu/ros_exp/ROS_2_Experimentation/ros2_ws/build/my_first_package': CMAKE_PREFIX_PATH=/opt/ros/foxy /usr/bin/cmake /home/ubuntu/ros_exp/ROS_2_Experimentation/ros2_ws/src/my_first_package -DCMAKE_INSTALL_PREFIX=/home/ubuntu/ros_exp/ROS_2_Experimentation/ros2_ws/install/my_first_package
[2.357s] -- The C compiler identification is GNU 9.4.0
[3.678s] -- The CXX compiler identification is GNU 9.4.0
[3.864s] -- Check for working C compiler: /usr/bin/cc
[4.199s] -- Check for working C compiler: /usr/bin/cc -- works
[4.207s] -- Detecting C compiler ABI info
[4.413s] -- Detecting C compiler ABI info - done
[4.434s] -- Detecting C compile features
[4.436s] -- Detecting C compile features - done
[4.454s] -- Check for working CXX compiler: /usr/bin/c++
[4.762s] -- Check for working CXX compiler: /usr/bin/c++ -- works
[4.765s] -- Detecting CXX compiler ABI info
[5.035s] -- Detecting CXX compiler ABI info - done
[5.054s] -- Detecting CXX compile features
[5.054s] -- Detecting CXX compile features - done
[5.190s] -- Found ament_cmake: 0.9.9 (/opt/ros/foxy/share/ament_cmake/cmake)
[5.385s] -- Found PythonInterp: /usr/bin/python3 (found suitable version "3.8.10", minimum required is "3") 
[5.385s] -- Using PYTHON_EXECUTABLE: /usr/bin/python3
[6.221s] -- Found ament_lint_auto: 0.9.6 (/opt/ros/foxy/share/ament_lint_auto/cmake)
[6.597s] -- Added test 'copyright' to check source files copyright and LICENSE
[6.604s] -- Added test 'cppcheck' to perform static code analysis on C / C++ code
[6.608s] -- Configured cppcheck include dirs: $<BUILD_INTERFACE:/home/ubuntu/ros_exp/ROS_2_Experimentation/ros2_ws/src/my_first_package/include>
[6.608s] -- Configured cppcheck exclude dirs and/or files: 
[6.613s] -- Added test 'cpplint' to check C / C++ code against the Google style
[6.613s] -- Configured cpplint exclude dirs and/or files: 
[6.620s] -- Added test 'lint_cmake' to check CMake code style
[6.626s] -- Added test 'uncrustify' to check C / C++ code style
[6.626s] -- Configured uncrustify additional arguments: 
[6.633s] -- Added test 'xmllint' to check XML markup files
[6.645s] -- Configuring done
[6.668s] -- Generating done
[6.672s] -- Build files have been written to: /home/ubuntu/ros_exp/ROS_2_Experimentation/ros2_ws/build/my_first_package
[6.685s] Invoked command in '/home/ubuntu/ros_exp/ROS_2_Experimentation/ros2_ws/build/my_first_package' returned '0': CMAKE_PREFIX_PATH=/opt/ros/foxy /usr/bin/cmake /home/ubuntu/ros_exp/ROS_2_Experimentation/ros2_ws/src/my_first_package -DCMAKE_INSTALL_PREFIX=/home/ubuntu/ros_exp/ROS_2_Experimentation/ros2_ws/install/my_first_package
[6.693s] Invoking command in '/home/ubuntu/ros_exp/ROS_2_Experimentation/ros2_ws/build/my_first_package': CMAKE_PREFIX_PATH=/opt/ros/foxy /usr/bin/cmake --build /home/ubuntu/ros_exp/ROS_2_Experimentation/ros2_ws/build/my_first_package -- -j4 -l4
[6.868s] [35m[1mScanning dependencies of target my_first_node[0m
[6.906s] [ 50%] [32mBuilding CXX object CMakeFiles/my_first_node.dir/src/my_first_node.cpp.o[0m
[7.021s] [100%] [32m[1mLinking CXX executable my_first_node[0m
[7.184s] [100%] Built target my_first_node
[7.217s] Invoked command in '/home/ubuntu/ros_exp/ROS_2_Experimentation/ros2_ws/build/my_first_package' returned '0': CMAKE_PREFIX_PATH=/opt/ros/foxy /usr/bin/cmake --build /home/ubuntu/ros_exp/ROS_2_Experimentation/ros2_ws/build/my_first_package -- -j4 -l4
[7.335s] Invoking command in '/home/ubuntu/ros_exp/ROS_2_Experimentation/ros2_ws/build/my_first_package': CMAKE_PREFIX_PATH=/opt/ros/foxy /usr/bin/cmake --install /home/ubuntu/ros_exp/ROS_2_Experimentation/ros2_ws/build/my_first_package
[7.366s] -- Install configuration: ""
[7.376s] -- Installing: /home/ubuntu/ros_exp/ROS_2_Experimentation/ros2_ws/install/my_first_package/lib/my_first_package/my_first_node
[7.391s] -- Installing: /home/ubuntu/ros_exp/ROS_2_Experimentation/ros2_ws/install/my_first_package/share/ament_index/resource_index/package_run_dependencies/my_first_package
[7.400s] -- Installing: /home/ubuntu/ros_exp/ROS_2_Experimentation/ros2_ws/install/my_first_package/share/ament_index/resource_index/parent_prefix_path/my_first_package
[7.401s] -- Installing: /home/ubuntu/ros_exp/ROS_2_Experimentation/ros2_ws/install/my_first_package/share/my_first_package/environment/ament_prefix_path.sh
[7.401s] -- Installing: /home/ubuntu/ros_exp/ROS_2_Experimentation/ros2_ws/install/my_first_package/share/my_first_package/environment/ament_prefix_path.dsv
[7.401s] -- Installing: /home/ubuntu/ros_exp/ROS_2_Experimentation/ros2_ws/install/my_first_package/share/my_first_package/environment/path.sh
[7.404s] -- Installing: /home/ubuntu/ros_exp/ROS_2_Experimentation/ros2_ws/install/my_first_package/share/my_first_package/environment/path.dsv
[7.406s] -- Installing: /home/ubuntu/ros_exp/ROS_2_Experimentation/ros2_ws/install/my_first_package/share/my_first_package/local_setup.bash
[7.407s] -- Installing: /home/ubuntu/ros_exp/ROS_2_Experimentation/ros2_ws/install/my_first_package/share/my_first_package/local_setup.sh
[7.414s] -- Installing: /home/ubuntu/ros_exp/ROS_2_Experimentation/ros2_ws/install/my_first_package/share/my_first_package/local_setup.zsh
[7.416s] -- Installing: /home/ubuntu/ros_exp/ROS_2_Experimentation/ros2_ws/install/my_first_package/share/my_first_package/local_setup.dsv
[7.417s] -- Installing: /home/ubuntu/ros_exp/ROS_2_Experimentation/ros2_ws/install/my_first_package/share/my_first_package/package.dsv
[7.417s] -- Installing: /home/ubuntu/ros_exp/ROS_2_Experimentation/ros2_ws/install/my_first_package/share/ament_index/resource_index/packages/my_first_package
[7.417s] -- Installing: /home/ubuntu/ros_exp/ROS_2_Experimentation/ros2_ws/install/my_first_package/share/my_first_package/cmake/my_first_packageConfig.cmake
[7.417s] -- Installing: /home/ubuntu/ros_exp/ROS_2_Experimentation/ros2_ws/install/my_first_package/share/my_first_package/cmake/my_first_packageConfig-version.cmake
[7.417s] -- Installing: /home/ubuntu/ros_exp/ROS_2_Experimentation/ros2_ws/install/my_first_package/share/my_first_package/package.xml
[7.418s] Invoked command in '/home/ubuntu/ros_exp/ROS_2_Experimentation/ros2_ws/build/my_first_package' returned '0': CMAKE_PREFIX_PATH=/opt/ros/foxy /usr/bin/cmake --install /home/ubuntu/ros_exp/ROS_2_Experimentation/ros2_ws/build/my_first_package
