[0.622s] DEBUG:colcon:Command line arguments: ['/usr/bin/colcon', 'list', '-p', '--base-paths', '/home/ubuntu/ros_exp/ROS_2_Experimentation/ros2_ws']
[0.625s] DEBUG:colcon:Parsed command line arguments: Namespace(allow_overriding=[], base_paths=['/home/ubuntu/ros_exp/ROS_2_Experimentation/ros2_ws'], build_base='build', ignore_user_meta=False, log_base=None, log_level=None, main=<bound method ListVerb.main of <colcon_package_information.verb.list.ListVerb object at 0x7f28017b0070>>, metas=['./colcon.meta'], names_only=False, packages_above=None, packages_above_and_dependencies=None, packages_above_depth=None, packages_end=None, packages_ignore=None, packages_ignore_regex=None, packages_select=None, packages_select_build_failed=False, packages_select_by_dep=None, packages_select_regex=None, packages_select_test_failures=False, packages_skip=None, packages_skip_build_finished=False, packages_skip_by_dep=None, packages_skip_regex=None, packages_skip_test_passed=False, packages_skip_up_to=None, packages_start=None, packages_up_to=None, packages_up_to_regex=None, paths=None, paths_only=True, topological_graph=False, topological_graph_density=False, topological_graph_dot=False, topological_graph_dot_cluster=False, topological_graph_dot_include_skipped=False, topological_graph_legend=False, topological_order=False, verb_extension=<colcon_package_information.verb.list.ListVerb object at 0x7f28017b0070>, verb_name='list', verb_parser=<colcon_defaults.argument_parser.defaults.DefaultArgumentsDecorator object at 0x7f28016dcdc0>)
[0.712s] Level 1:colcon.colcon_core.package_discovery:discover_packages(colcon_meta) check parameters
[0.712s] Level 1:colcon.colcon_core.package_discovery:discover_packages(recursive) check parameters
[0.712s] Level 1:colcon.colcon_core.package_discovery:discover_packages(ignore) check parameters
[0.712s] Level 1:colcon.colcon_core.package_discovery:discover_packages(path) check parameters
[0.712s] Level 1:colcon.colcon_core.package_discovery:discover_packages(recursive) discover
[0.712s] INFO:colcon.colcon_core.package_discovery:Crawling recursively for packages in '/home/ubuntu/ros_exp/ROS_2_Experimentation/ros2_ws'
[0.712s] Level 1:colcon.colcon_core.package_identification:_identify(/home/ubuntu/ros_exp/ROS_2_Experimentation/ros2_ws) by extensions ['ignore', 'ignore_ament_install']
[0.713s] Level 1:colcon.colcon_core.package_identification:_identify(/home/ubuntu/ros_exp/ROS_2_Experimentation/ros2_ws) by extension 'ignore'
[0.713s] Level 1:colcon.colcon_core.package_identification:_identify(/home/ubuntu/ros_exp/ROS_2_Experimentation/ros2_ws) by extension 'ignore_ament_install'
[0.713s] Level 1:colcon.colcon_core.package_identification:_identify(/home/ubuntu/ros_exp/ROS_2_Experimentation/ros2_ws) by extensions ['colcon_pkg']
[0.713s] Level 1:colcon.colcon_core.package_identification:_identify(/home/ubuntu/ros_exp/ROS_2_Experimentation/ros2_ws) by extension 'colcon_pkg'
[0.713s] Level 1:colcon.colcon_core.package_identification:_identify(/home/ubuntu/ros_exp/ROS_2_Experimentation/ros2_ws) by extensions ['colcon_meta']
[0.713s] Level 1:colcon.colcon_core.package_identification:_identify(/home/ubuntu/ros_exp/ROS_2_Experimentation/ros2_ws) by extension 'colcon_meta'
[0.713s] Level 1:colcon.colcon_core.package_identification:_identify(/home/ubuntu/ros_exp/ROS_2_Experimentation/ros2_ws) by extensions ['ros']
[0.713s] Level 1:colcon.colcon_core.package_identification:_identify(/home/ubuntu/ros_exp/ROS_2_Experimentation/ros2_ws) by extension 'ros'
[0.749s] Level 1:colcon.colcon_core.package_identification:_identify(/home/ubuntu/ros_exp/ROS_2_Experimentation/ros2_ws) by extensions ['cmake', 'python']
[0.749s] Level 1:colcon.colcon_core.package_identification:_identify(/home/ubuntu/ros_exp/ROS_2_Experimentation/ros2_ws) by extension 'cmake'
[0.749s] Level 1:colcon.colcon_core.package_identification:_identify(/home/ubuntu/ros_exp/ROS_2_Experimentation/ros2_ws) by extension 'python'
[0.749s] Level 1:colcon.colcon_core.package_identification:_identify(/home/ubuntu/ros_exp/ROS_2_Experimentation/ros2_ws) by extensions ['python_setup_py']
[0.749s] Level 1:colcon.colcon_core.package_identification:_identify(/home/ubuntu/ros_exp/ROS_2_Experimentation/ros2_ws) by extension 'python_setup_py'
[0.750s] Level 1:colcon.colcon_core.package_identification:_identify(/home/ubuntu/ros_exp/ROS_2_Experimentation/ros2_ws/log) by extensions ['ignore', 'ignore_ament_install']
[0.750s] Level 1:colcon.colcon_core.package_identification:_identify(/home/ubuntu/ros_exp/ROS_2_Experimentation/ros2_ws/log) by extension 'ignore'
[0.750s] Level 1:colcon.colcon_core.package_identification:_identify(/home/ubuntu/ros_exp/ROS_2_Experimentation/ros2_ws/log) ignored
[0.750s] Level 1:colcon.colcon_core.package_identification:_identify(/home/ubuntu/ros_exp/ROS_2_Experimentation/ros2_ws/src) by extensions ['ignore', 'ignore_ament_install']
[0.751s] Level 1:colcon.colcon_core.package_identification:_identify(/home/ubuntu/ros_exp/ROS_2_Experimentation/ros2_ws/src) by extension 'ignore'
[0.751s] Level 1:colcon.colcon_core.package_identification:_identify(/home/ubuntu/ros_exp/ROS_2_Experimentation/ros2_ws/src) by extension 'ignore_ament_install'
[0.752s] Level 1:colcon.colcon_core.package_identification:_identify(/home/ubuntu/ros_exp/ROS_2_Experimentation/ros2_ws/src) by extensions ['colcon_pkg']
[0.752s] Level 1:colcon.colcon_core.package_identification:_identify(/home/ubuntu/ros_exp/ROS_2_Experimentation/ros2_ws/src) by extension 'colcon_pkg'
[0.753s] Level 1:colcon.colcon_core.package_identification:_identify(/home/ubuntu/ros_exp/ROS_2_Experimentation/ros2_ws/src) by extensions ['colcon_meta']
[0.753s] Level 1:colcon.colcon_core.package_identification:_identify(/home/ubuntu/ros_exp/ROS_2_Experimentation/ros2_ws/src) by extension 'colcon_meta'
[0.753s] Level 1:colcon.colcon_core.package_identification:_identify(/home/ubuntu/ros_exp/ROS_2_Experimentation/ros2_ws/src) by extensions ['ros']
[0.753s] Level 1:colcon.colcon_core.package_identification:_identify(/home/ubuntu/ros_exp/ROS_2_Experimentation/ros2_ws/src) by extension 'ros'
[0.753s] Level 1:colcon.colcon_core.package_identification:_identify(/home/ubuntu/ros_exp/ROS_2_Experimentation/ros2_ws/src) by extensions ['cmake', 'python']
[0.754s] Level 1:colcon.colcon_core.package_identification:_identify(/home/ubuntu/ros_exp/ROS_2_Experimentation/ros2_ws/src) by extension 'cmake'
[0.754s] Level 1:colcon.colcon_core.package_identification:_identify(/home/ubuntu/ros_exp/ROS_2_Experimentation/ros2_ws/src) by extension 'python'
[0.754s] Level 1:colcon.colcon_core.package_identification:_identify(/home/ubuntu/ros_exp/ROS_2_Experimentation/ros2_ws/src) by extensions ['python_setup_py']
[0.754s] Level 1:colcon.colcon_core.package_identification:_identify(/home/ubuntu/ros_exp/ROS_2_Experimentation/ros2_ws/src) by extension 'python_setup_py'
[0.754s] Level 1:colcon.colcon_core.package_identification:_identify(/home/ubuntu/ros_exp/ROS_2_Experimentation/ros2_ws/src/my_first_package) by extensions ['ignore', 'ignore_ament_install']
[0.754s] Level 1:colcon.colcon_core.package_identification:_identify(/home/ubuntu/ros_exp/ROS_2_Experimentation/ros2_ws/src/my_first_package) by extension 'ignore'
[0.755s] Level 1:colcon.colcon_core.package_identification:_identify(/home/ubuntu/ros_exp/ROS_2_Experimentation/ros2_ws/src/my_first_package) by extension 'ignore_ament_install'
[0.755s] Level 1:colcon.colcon_core.package_identification:_identify(/home/ubuntu/ros_exp/ROS_2_Experimentation/ros2_ws/src/my_first_package) by extensions ['colcon_pkg']
[0.756s] Level 1:colcon.colcon_core.package_identification:_identify(/home/ubuntu/ros_exp/ROS_2_Experimentation/ros2_ws/src/my_first_package) by extension 'colcon_pkg'
[0.756s] Level 1:colcon.colcon_core.package_identification:_identify(/home/ubuntu/ros_exp/ROS_2_Experimentation/ros2_ws/src/my_first_package) by extensions ['colcon_meta']
[0.756s] Level 1:colcon.colcon_core.package_identification:_identify(/home/ubuntu/ros_exp/ROS_2_Experimentation/ros2_ws/src/my_first_package) by extension 'colcon_meta'
[0.756s] Level 1:colcon.colcon_core.package_identification:_identify(/home/ubuntu/ros_exp/ROS_2_Experimentation/ros2_ws/src/my_first_package) by extensions ['ros']
[0.756s] Level 1:colcon.colcon_core.package_identification:_identify(/home/ubuntu/ros_exp/ROS_2_Experimentation/ros2_ws/src/my_first_package) by extension 'ros'
[0.771s] DEBUG:colcon.colcon_core.package_identification:Package '/home/ubuntu/ros_exp/ROS_2_Experimentation/ros2_ws/src/my_first_package' with type 'ros.ament_cmake' and name 'my_first_package'
[0.771s] Level 1:colcon.colcon_core.package_discovery:discover_packages(recursive) using defaults
