[0.077s] Invoking command in '/home/ubuntu/ros_exp/ROS_2_Experimentation/ros2_ws/build/my_first_package': CMAKE_PREFIX_PATH=/opt/ros/foxy /usr/bin/cmake --build /home/ubuntu/ros_exp/ROS_2_Experimentation/ros2_ws/build/my_first_package -- -j4 -l4
[0.262s] [100%] Built target my_first_node
[0.294s] Invoked command in '/home/ubuntu/ros_exp/ROS_2_Experimentation/ros2_ws/build/my_first_package' returned '0': CMAKE_PREFIX_PATH=/opt/ros/foxy /usr/bin/cmake --build /home/ubuntu/ros_exp/ROS_2_Experimentation/ros2_ws/build/my_first_package -- -j4 -l4
[0.420s] Invoking command in '/home/ubuntu/ros_exp/ROS_2_Experimentation/ros2_ws/build/my_first_package': CMAKE_PREFIX_PATH=/opt/ros/foxy /usr/bin/cmake --install /home/ubuntu/ros_exp/ROS_2_Experimentation/ros2_ws/build/my_first_package
[0.447s] -- Install configuration: ""
[0.448s] -- Up-to-date: /home/ubuntu/ros_exp/ROS_2_Experimentation/ros2_ws/install/my_first_package/lib/my_first_package/my_first_node
[0.448s] -- Up-to-date: /home/ubuntu/ros_exp/ROS_2_Experimentation/ros2_ws/install/my_first_package/share/ament_index/resource_index/package_run_dependencies/my_first_package
[0.448s] -- Up-to-date: /home/ubuntu/ros_exp/ROS_2_Experimentation/ros2_ws/install/my_first_package/share/ament_index/resource_index/parent_prefix_path/my_first_package
[0.449s] -- Up-to-date: /home/ubuntu/ros_exp/ROS_2_Experimentation/ros2_ws/install/my_first_package/share/my_first_package/environment/ament_prefix_path.sh
[0.449s] -- Up-to-date: /home/ubuntu/ros_exp/ROS_2_Experimentation/ros2_ws/install/my_first_package/share/my_first_package/environment/ament_prefix_path.dsv
[0.449s] -- Up-to-date: /home/ubuntu/ros_exp/ROS_2_Experimentation/ros2_ws/install/my_first_package/share/my_first_package/environment/path.sh
[0.450s] -- Up-to-date: /home/ubuntu/ros_exp/ROS_2_Experimentation/ros2_ws/install/my_first_package/share/my_first_package/environment/path.dsv
[0.450s] -- Up-to-date: /home/ubuntu/ros_exp/ROS_2_Experimentation/ros2_ws/install/my_first_package/share/my_first_package/local_setup.bash
[0.450s] -- Up-to-date: /home/ubuntu/ros_exp/ROS_2_Experimentation/ros2_ws/install/my_first_package/share/my_first_package/local_setup.sh
[0.450s] -- Up-to-date: /home/ubuntu/ros_exp/ROS_2_Experimentation/ros2_ws/install/my_first_package/share/my_first_package/local_setup.zsh
[0.450s] -- Up-to-date: /home/ubuntu/ros_exp/ROS_2_Experimentation/ros2_ws/install/my_first_package/share/my_first_package/local_setup.dsv
[0.450s] -- Installing: /home/ubuntu/ros_exp/ROS_2_Experimentation/ros2_ws/install/my_first_package/share/my_first_package/package.dsv
[0.451s] -- Up-to-date: /home/ubuntu/ros_exp/ROS_2_Experimentation/ros2_ws/install/my_first_package/share/ament_index/resource_index/packages/my_first_package
[0.451s] -- Up-to-date: /home/ubuntu/ros_exp/ROS_2_Experimentation/ros2_ws/install/my_first_package/share/my_first_package/cmake/my_first_packageConfig.cmake
[0.451s] -- Up-to-date: /home/ubuntu/ros_exp/ROS_2_Experimentation/ros2_ws/install/my_first_package/share/my_first_package/cmake/my_first_packageConfig-version.cmake
[0.451s] -- Up-to-date: /home/ubuntu/ros_exp/ROS_2_Experimentation/ros2_ws/install/my_first_package/share/my_first_package/package.xml
[0.458s] Invoked command in '/home/ubuntu/ros_exp/ROS_2_Experimentation/ros2_ws/build/my_first_package' returned '0': CMAKE_PREFIX_PATH=/opt/ros/foxy /usr/bin/cmake --install /home/ubuntu/ros_exp/ROS_2_Experimentation/ros2_ws/build/my_first_package
